

Version:	3.10
CmdLine:	C:\Users\jennp\Desktop\Spring 2018 Workspace\CSC 332 PA 3\src\pa3\PA-3-Executable.exe --l4j-debug
WOW64:		yes
Working dir:	C:\Users\jennp\Desktop\Spring 2018 Workspace\CSC 332 PA 3\src\pa3\.
Java min ver:	1.0.0
Java max ver:	
64-bit search:	SOFTWARE\JavaSoft\Java Runtime Environment...
Check:		SOFTWARE\JavaSoft\Java Runtime Environment\1.8
Check launcher:	C:\Program Files\Java\jre1.8.0_162\bin\javaw.exe (OK)
Match:		1.8
Check:		SOFTWARE\JavaSoft\Java Runtime Environment\1.8.0_162
Check launcher:	C:\Program Files\Java\jre1.8.0_162\bin\javaw.exe (OK)
Match:		1.8.0_162
64-bit search:	SOFTWARE\JavaSoft\Java Development Kit...
64-bit search:	SOFTWARE\JavaSoft\JRE...
64-bit search:	SOFTWARE\JavaSoft\JDK...
Runtime used:	1.8.0_162 (64-bit)
Launcher:	C:\Program Files\Java\jre1.8.0_162\bin\javaw.exe
Launcher args:	-jar "C:\Users\jennp\Desktop\Spring 2018 Workspace\CSC 332 PA 3\src\pa3\PA-3-Executable.exe"
Args length:	92/32768 chars
Exit code:	0


Version:	3.10
CmdLine:	C:\Users\jennp\Desktop\Spring 2018 Workspace\CSC 332 PA 3\src\pa3\PA-3-Executable.exe --l4j-debug
WOW64:		yes
Working dir:	C:\Users\jennp\Desktop\Spring 2018 Workspace\CSC 332 PA 3\src\pa3\.
Java min ver:	1.0.0
Java max ver:	
64-bit search:	SOFTWARE\JavaSoft\Java Runtime Environment...
Check:		SOFTWARE\JavaSoft\Java Runtime Environment\1.8
Check launcher:	C:\Program Files\Java\jre1.8.0_162\bin\javaw.exe (OK)
Match:		1.8
Check:		SOFTWARE\JavaSoft\Java Runtime Environment\1.8.0_162
Check launcher:	C:\Program Files\Java\jre1.8.0_162\bin\javaw.exe (OK)
Match:		1.8.0_162
64-bit search:	SOFTWARE\JavaSoft\Java Development Kit...
64-bit search:	SOFTWARE\JavaSoft\JRE...
64-bit search:	SOFTWARE\JavaSoft\JDK...
Runtime used:	1.8.0_162 (64-bit)
Launcher:	C:\Program Files\Java\jre1.8.0_162\bin\javaw.exe
Launcher args:	-jar "C:\Users\jennp\Desktop\Spring 2018 Workspace\CSC 332 PA 3\src\pa3\PA-3-Executable.exe"
Args length:	92/32768 chars
Exit code:	0
